[2025-03-31T00:35:46.501+0000] {manager.py:487} INFO - Processing files using up to 1 processes at a time 
[2025-03-31T00:35:46.501+0000] {manager.py:488} INFO - Process each file at most once every 30 seconds
[2025-03-31T00:35:46.501+0000] {manager.py:490} INFO - Checking for new files in /opt/airflow/dags every 300 seconds
[2025-03-31T00:35:46.502+0000] {manager.py:758} INFO - Searching for files in /opt/airflow/dags
[2025-03-31T00:35:46.502+0000] {manager.py:761} INFO - There are 0 files in /opt/airflow/dags
[2025-03-31T00:40:46.528+0000] {manager.py:758} INFO - Searching for files in /opt/airflow/dags
[2025-03-31T00:40:46.537+0000] {manager.py:761} INFO - There are 0 files in /opt/airflow/dags
[2025-03-31T00:45:46.597+0000] {manager.py:758} INFO - Searching for files in /opt/airflow/dags
[2025-03-31T00:45:46.603+0000] {manager.py:761} INFO - There are 0 files in /opt/airflow/dags
[2025-03-31T00:50:46.672+0000] {manager.py:758} INFO - Searching for files in /opt/airflow/dags
[2025-03-31T00:50:46.682+0000] {manager.py:761} INFO - There are 0 files in /opt/airflow/dags
[2025-03-31T00:55:46.714+0000] {manager.py:758} INFO - Searching for files in /opt/airflow/dags
[2025-03-31T00:55:46.725+0000] {manager.py:761} INFO - There are 0 files in /opt/airflow/dags
[2025-03-31T01:00:46.775+0000] {manager.py:758} INFO - Searching for files in /opt/airflow/dags
[2025-03-31T01:00:46.788+0000] {manager.py:761} INFO - There are 0 files in /opt/airflow/dags
[2025-03-31T01:05:46.844+0000] {manager.py:758} INFO - Searching for files in /opt/airflow/dags
[2025-03-31T01:05:46.853+0000] {manager.py:761} INFO - There are 0 files in /opt/airflow/dags
[2025-03-31T01:10:46.903+0000] {manager.py:758} INFO - Searching for files in /opt/airflow/dags
[2025-03-31T01:10:46.915+0000] {manager.py:761} INFO - There are 1 files in /opt/airflow/dags
[2025-03-31T01:10:53.068+0000] {manager.py:889} INFO - 
================================================================================
DAG File Processing Stats

File Path                            PID    Runtime      # DAGs    # Errors  Last Runtime    Last Run
-----------------------------------  -----  ---------  --------  ----------  --------------  -------------------
/opt/airflow/dags/covid_pipeline.py                           1           0  1.03s           2025-03-31T01:10:47
================================================================================
[2025-03-31T01:11:23.149+0000] {manager.py:889} INFO - 
================================================================================
DAG File Processing Stats

File Path                            PID    Runtime      # DAGs    # Errors  Last Runtime    Last Run
-----------------------------------  -----  ---------  --------  ----------  --------------  -------------------
/opt/airflow/dags/covid_pipeline.py                           1           0  0.43s           2025-03-31T01:11:18
================================================================================
[2025-03-31T01:11:53.265+0000] {manager.py:889} INFO - 
================================================================================
DAG File Processing Stats

File Path                            PID    Runtime      # DAGs    # Errors  Last Runtime    Last Run
-----------------------------------  -----  ---------  --------  ----------  --------------  -------------------
/opt/airflow/dags/covid_pipeline.py                           1           0  0.42s           2025-03-31T01:11:49
================================================================================
[2025-03-31T01:12:23.359+0000] {manager.py:889} INFO - 
================================================================================
DAG File Processing Stats

File Path                            PID    Runtime      # DAGs    # Errors  Last Runtime    Last Run
-----------------------------------  -----  ---------  --------  ----------  --------------  -------------------
/opt/airflow/dags/covid_pipeline.py                           1           0  0.43s           2025-03-31T01:12:19
================================================================================
[2025-03-31T01:12:53.457+0000] {manager.py:889} INFO - 
================================================================================
DAG File Processing Stats

File Path                            PID    Runtime      # DAGs    # Errors  Last Runtime    Last Run
-----------------------------------  -----  ---------  --------  ----------  --------------  -------------------
/opt/airflow/dags/covid_pipeline.py                           1           0  0.42s           2025-03-31T01:12:50
================================================================================
[2025-03-31T01:13:23.551+0000] {manager.py:889} INFO - 
================================================================================
DAG File Processing Stats

File Path                            PID    Runtime      # DAGs    # Errors  Last Runtime    Last Run
-----------------------------------  -----  ---------  --------  ----------  --------------  -------------------
/opt/airflow/dags/covid_pipeline.py                           1           0  0.53s           2025-03-31T01:13:21
================================================================================
[2025-03-31T01:13:53.637+0000] {manager.py:889} INFO - 
================================================================================
DAG File Processing Stats

File Path                            PID    Runtime      # DAGs    # Errors  Last Runtime    Last Run
-----------------------------------  -----  ---------  --------  ----------  --------------  -------------------
/opt/airflow/dags/covid_pipeline.py                           1           0  0.64s           2025-03-31T01:13:52
================================================================================
[2025-03-31T01:14:23.733+0000] {manager.py:889} INFO - 
================================================================================
DAG File Processing Stats

File Path                            PID    Runtime      # DAGs    # Errors  Last Runtime    Last Run
-----------------------------------  -----  ---------  --------  ----------  --------------  -------------------
/opt/airflow/dags/covid_pipeline.py                           1           0  0.53s           2025-03-31T01:14:22
================================================================================
[2025-03-31T01:14:53.836+0000] {manager.py:889} INFO - 
================================================================================
DAG File Processing Stats

File Path                            PID    Runtime      # DAGs    # Errors  Last Runtime    Last Run
-----------------------------------  -----  ---------  --------  ----------  --------------  -------------------
/opt/airflow/dags/covid_pipeline.py                           1           0  0.41s           2025-03-31T01:14:53
================================================================================
[2025-03-31T01:15:24.342+0000] {manager.py:889} INFO - 
================================================================================
DAG File Processing Stats

File Path                            PID    Runtime      # DAGs    # Errors  Last Runtime    Last Run
-----------------------------------  -----  ---------  --------  ----------  --------------  -------------------
/opt/airflow/dags/covid_pipeline.py                           1           0  0.42s           2025-03-31T01:15:24
================================================================================
[2025-03-31T01:16:06.487+0000] {manager.py:487} INFO - Processing files using up to 1 processes at a time 
[2025-03-31T01:16:06.487+0000] {manager.py:488} INFO - Process each file at most once every 30 seconds
[2025-03-31T01:16:06.487+0000] {manager.py:490} INFO - Checking for new files in /opt/airflow/dags every 300 seconds
[2025-03-31T01:16:06.488+0000] {manager.py:758} INFO - Searching for files in /opt/airflow/dags
[2025-03-31T01:16:06.494+0000] {manager.py:761} INFO - There are 1 files in /opt/airflow/dags
[2025-03-31T01:16:07.754+0000] {manager.py:889} INFO - 
================================================================================
DAG File Processing Stats

File Path                            PID    Runtime      # DAGs    # Errors  Last Runtime    Last Run
-----------------------------------  -----  ---------  --------  ----------  --------------  -------------------
/opt/airflow/dags/covid_pipeline.py                           1           0  1.22s           2025-03-31T01:16:07
================================================================================
[2025-03-31T01:16:39.292+0000] {manager.py:889} INFO - 
================================================================================
DAG File Processing Stats

File Path                            PID    Runtime      # DAGs    # Errors  Last Runtime    Last Run
-----------------------------------  -----  ---------  --------  ----------  --------------  -------------------
/opt/airflow/dags/covid_pipeline.py                           1           0  1.46s           2025-03-31T01:16:39
================================================================================
[2025-03-31T01:17:10.868+0000] {manager.py:889} INFO - 
================================================================================
DAG File Processing Stats

File Path                            PID    Runtime      # DAGs    # Errors  Last Runtime    Last Run
-----------------------------------  -----  ---------  --------  ----------  --------------  -------------------
/opt/airflow/dags/covid_pipeline.py                           1           0  0.63s           2025-03-31T01:17:10
================================================================================
[2025-03-31T01:17:52.309+0000] {manager.py:487} INFO - Processing files using up to 1 processes at a time 
[2025-03-31T01:17:52.309+0000] {manager.py:488} INFO - Process each file at most once every 30 seconds
[2025-03-31T01:17:52.309+0000] {manager.py:490} INFO - Checking for new files in /opt/airflow/dags every 300 seconds
[2025-03-31T01:17:52.309+0000] {manager.py:758} INFO - Searching for files in /opt/airflow/dags
[2025-03-31T01:17:52.311+0000] {manager.py:761} INFO - There are 1 files in /opt/airflow/dags
[2025-03-31T01:17:52.856+0000] {manager.py:889} INFO - 
================================================================================
DAG File Processing Stats

File Path                            PID    Runtime      # DAGs    # Errors  Last Runtime    Last Run
-----------------------------------  -----  ---------  --------  ----------  --------------  -------------------
/opt/airflow/dags/covid_pipeline.py                           1           0  0.51s           2025-03-31T01:17:52
================================================================================
[2025-03-31T01:18:19.664+0000] {manager.py:487} INFO - Processing files using up to 1 processes at a time 
[2025-03-31T01:18:19.664+0000] {manager.py:488} INFO - Process each file at most once every 30 seconds
[2025-03-31T01:18:19.665+0000] {manager.py:490} INFO - Checking for new files in /opt/airflow/dags every 300 seconds
[2025-03-31T01:18:19.665+0000] {manager.py:758} INFO - Searching for files in /opt/airflow/dags
[2025-03-31T01:18:19.668+0000] {manager.py:761} INFO - There are 1 files in /opt/airflow/dags
[2025-03-31T01:18:20.847+0000] {manager.py:889} INFO - 
================================================================================
DAG File Processing Stats

File Path                            PID    Runtime      # DAGs    # Errors  Last Runtime    Last Run
-----------------------------------  -----  ---------  --------  ----------  --------------  -------------------
/opt/airflow/dags/covid_pipeline.py                           1           0  1.14s           2025-03-31T01:18:20
================================================================================
[2025-03-31T01:18:51.561+0000] {manager.py:889} INFO - 
================================================================================
DAG File Processing Stats

File Path                            PID    Runtime      # DAGs    # Errors  Last Runtime    Last Run
-----------------------------------  -----  ---------  --------  ----------  --------------  -------------------
/opt/airflow/dags/covid_pipeline.py                           1           0  0.52s           2025-03-31T01:18:51
================================================================================
[2025-03-31T01:19:22.815+0000] {manager.py:889} INFO - 
================================================================================
DAG File Processing Stats

File Path                            PID    Runtime      # DAGs    # Errors  Last Runtime    Last Run
-----------------------------------  -----  ---------  --------  ----------  --------------  -------------------
/opt/airflow/dags/covid_pipeline.py                           1           0  0.42s           2025-03-31T01:19:22
================================================================================
[2025-03-31T01:19:54.300+0000] {manager.py:889} INFO - 
================================================================================
DAG File Processing Stats

File Path                            PID    Runtime      # DAGs    # Errors  Last Runtime    Last Run
-----------------------------------  -----  ---------  --------  ----------  --------------  -------------------
/opt/airflow/dags/covid_pipeline.py                           1           0  0.52s           2025-03-31T01:19:54
================================================================================
[2025-03-31T01:20:25.571+0000] {manager.py:889} INFO - 
================================================================================
DAG File Processing Stats

File Path                            PID    Runtime      # DAGs    # Errors  Last Runtime    Last Run
-----------------------------------  -----  ---------  --------  ----------  --------------  -------------------
/opt/airflow/dags/covid_pipeline.py                           1           0  0.42s           2025-03-31T01:20:25
================================================================================
[2025-03-31T01:20:56.774+0000] {manager.py:889} INFO - 
================================================================================
DAG File Processing Stats

File Path                            PID    Runtime      # DAGs    # Errors  Last Runtime    Last Run
-----------------------------------  -----  ---------  --------  ----------  --------------  -------------------
/opt/airflow/dags/covid_pipeline.py                           1           0  0.42s           2025-03-31T01:20:56
================================================================================
[2025-03-31T01:21:27.622+0000] {manager.py:889} INFO - 
================================================================================
DAG File Processing Stats

File Path                            PID    Runtime      # DAGs    # Errors  Last Runtime    Last Run
-----------------------------------  -----  ---------  --------  ----------  --------------  -------------------
/opt/airflow/dags/covid_pipeline.py                           1           0  0.52s           2025-03-31T01:21:27
================================================================================
[2025-03-31T01:21:43.810+0000] {manager.py:470} INFO - Exiting gracefully upon receiving signal 15
[2025-03-31T01:23:24.573+0000] {manager.py:487} INFO - Processing files using up to 1 processes at a time 
[2025-03-31T01:23:24.575+0000] {manager.py:488} INFO - Process each file at most once every 30 seconds
[2025-03-31T01:23:24.576+0000] {manager.py:490} INFO - Checking for new files in /opt/airflow/dags every 300 seconds
[2025-03-31T01:23:24.577+0000] {manager.py:758} INFO - Searching for files in /opt/airflow/dags
[2025-03-31T01:23:24.591+0000] {manager.py:761} INFO - There are 1 files in /opt/airflow/dags
[2025-03-31T01:23:26.044+0000] {manager.py:889} INFO - 
================================================================================
DAG File Processing Stats

File Path                            PID    Runtime      # DAGs    # Errors  Last Runtime    Last Run
-----------------------------------  -----  ---------  --------  ----------  --------------  -------------------
/opt/airflow/dags/covid_pipeline.py                           1           0  1.42s           2025-03-31T01:23:26
================================================================================
[2025-03-31T01:23:57.601+0000] {manager.py:889} INFO - 
================================================================================
DAG File Processing Stats

File Path                            PID    Runtime      # DAGs    # Errors  Last Runtime    Last Run
-----------------------------------  -----  ---------  --------  ----------  --------------  -------------------
/opt/airflow/dags/covid_pipeline.py                           1           0  0.52s           2025-03-31T01:23:57
================================================================================
[2025-03-31T01:24:29.149+0000] {manager.py:889} INFO - 
================================================================================
DAG File Processing Stats

File Path                            PID    Runtime      # DAGs    # Errors  Last Runtime    Last Run
-----------------------------------  -----  ---------  --------  ----------  --------------  -------------------
/opt/airflow/dags/covid_pipeline.py                           1           0  0.62s           2025-03-31T01:24:29
================================================================================
[2025-03-31T01:25:00.288+0000] {manager.py:889} INFO - 
================================================================================
DAG File Processing Stats

File Path                            PID    Runtime      # DAGs    # Errors  Last Runtime    Last Run
-----------------------------------  -----  ---------  --------  ----------  --------------  -------------------
/opt/airflow/dags/covid_pipeline.py                           1           0  0.42s           2025-03-31T01:25:00
================================================================================
[2025-03-31T01:25:31.498+0000] {manager.py:889} INFO - 
================================================================================
DAG File Processing Stats

File Path                            PID    Runtime      # DAGs    # Errors  Last Runtime    Last Run
-----------------------------------  -----  ---------  --------  ----------  --------------  -------------------
/opt/airflow/dags/covid_pipeline.py                           1           0  0.42s           2025-03-31T01:25:31
================================================================================
[2025-03-31T01:26:02.352+0000] {manager.py:889} INFO - 
================================================================================
DAG File Processing Stats

File Path                            PID    Runtime      # DAGs    # Errors  Last Runtime    Last Run
-----------------------------------  -----  ---------  --------  ----------  --------------  -------------------
/opt/airflow/dags/covid_pipeline.py                           1           0  0.53s           2025-03-31T01:26:02
================================================================================
[2025-03-31T01:26:32.941+0000] {manager.py:889} INFO - 
================================================================================
DAG File Processing Stats

File Path                            PID    Runtime      # DAGs    # Errors  Last Runtime    Last Run
-----------------------------------  -----  ---------  --------  ----------  --------------  -------------------
/opt/airflow/dags/covid_pipeline.py                           1           0  0.53s           2025-03-31T01:26:12
================================================================================
[2025-03-31T01:27:03.272+0000] {manager.py:889} INFO - 
================================================================================
DAG File Processing Stats

File Path                            PID    Runtime      # DAGs    # Errors  Last Runtime    Last Run
-----------------------------------  -----  ---------  --------  ----------  --------------  -------------------
/opt/airflow/dags/covid_pipeline.py                           1           0  0.42s           2025-03-31T01:26:47
================================================================================
[2025-03-31T01:27:33.976+0000] {manager.py:889} INFO - 
================================================================================
DAG File Processing Stats

File Path                            PID    Runtime      # DAGs    # Errors  Last Runtime    Last Run
-----------------------------------  -----  ---------  --------  ----------  --------------  -------------------
/opt/airflow/dags/covid_pipeline.py                           1           0  0.42s           2025-03-31T01:27:25
================================================================================
[2025-03-31T01:28:04.284+0000] {manager.py:889} INFO - 
================================================================================
DAG File Processing Stats

File Path                            PID    Runtime      # DAGs    # Errors  Last Runtime    Last Run
-----------------------------------  -----  ---------  --------  ----------  --------------  -------------------
/opt/airflow/dags/covid_pipeline.py                           1           0  0.31s           2025-03-31T01:27:50
================================================================================
[2025-03-31T01:28:24.608+0000] {manager.py:758} INFO - Searching for files in /opt/airflow/dags
[2025-03-31T01:28:24.618+0000] {manager.py:761} INFO - There are 1 files in /opt/airflow/dags
[2025-03-31T01:28:34.737+0000] {manager.py:889} INFO - 
================================================================================
DAG File Processing Stats

File Path                            PID    Runtime      # DAGs    # Errors  Last Runtime    Last Run
-----------------------------------  -----  ---------  --------  ----------  --------------  -------------------
/opt/airflow/dags/covid_pipeline.py                           1           0  0.41s           2025-03-31T01:28:09
================================================================================
[2025-03-31T01:29:05.397+0000] {manager.py:889} INFO - 
================================================================================
DAG File Processing Stats

File Path                            PID    Runtime      # DAGs    # Errors  Last Runtime    Last Run
-----------------------------------  -----  ---------  --------  ----------  --------------  -------------------
/opt/airflow/dags/covid_pipeline.py                           1           0  0.42s           2025-03-31T01:28:54
================================================================================
[2025-03-31T01:29:36.109+0000] {manager.py:889} INFO - 
================================================================================
DAG File Processing Stats

File Path                            PID    Runtime      # DAGs    # Errors  Last Runtime    Last Run
-----------------------------------  -----  ---------  --------  ----------  --------------  -------------------
/opt/airflow/dags/covid_pipeline.py                           1           0  0.42s           2025-03-31T01:29:26
================================================================================
[2025-03-31T01:30:06.701+0000] {manager.py:889} INFO - 
================================================================================
DAG File Processing Stats

File Path                            PID    Runtime      # DAGs    # Errors  Last Runtime    Last Run
-----------------------------------  -----  ---------  --------  ----------  --------------  -------------------
/opt/airflow/dags/covid_pipeline.py                           1           0  0.42s           2025-03-31T01:29:56
================================================================================
[2025-03-31T01:30:37.319+0000] {manager.py:889} INFO - 
================================================================================
DAG File Processing Stats

File Path                            PID    Runtime      # DAGs    # Errors  Last Runtime    Last Run
-----------------------------------  -----  ---------  --------  ----------  --------------  -------------------
/opt/airflow/dags/covid_pipeline.py                           1           0  0.52s           2025-03-31T01:30:27
================================================================================
[2025-03-31T01:31:07.949+0000] {manager.py:889} INFO - 
================================================================================
DAG File Processing Stats

File Path                            PID    Runtime      # DAGs    # Errors  Last Runtime    Last Run
-----------------------------------  -----  ---------  --------  ----------  --------------  -------------------
/opt/airflow/dags/covid_pipeline.py                           1           0  0.52s           2025-03-31T01:30:57
================================================================================
[2025-03-31T01:31:38.489+0000] {manager.py:889} INFO - 
================================================================================
DAG File Processing Stats

File Path                            PID    Runtime      # DAGs    # Errors  Last Runtime    Last Run
-----------------------------------  -----  ---------  --------  ----------  --------------  -------------------
/opt/airflow/dags/covid_pipeline.py                           1           0  0.43s           2025-03-31T01:31:28
================================================================================
[2025-03-31T01:32:09.096+0000] {manager.py:889} INFO - 
================================================================================
DAG File Processing Stats

File Path                            PID    Runtime      # DAGs    # Errors  Last Runtime    Last Run
-----------------------------------  -----  ---------  --------  ----------  --------------  -------------------
/opt/airflow/dags/covid_pipeline.py                           1           0  0.52s           2025-03-31T01:31:59
================================================================================
[2025-03-31T01:32:39.581+0000] {manager.py:889} INFO - 
================================================================================
DAG File Processing Stats

File Path                            PID    Runtime      # DAGs    # Errors  Last Runtime    Last Run
-----------------------------------  -----  ---------  --------  ----------  --------------  -------------------
/opt/airflow/dags/covid_pipeline.py                           1           0  0.42s           2025-03-31T01:32:29
================================================================================
[2025-03-31T01:33:10.200+0000] {manager.py:889} INFO - 
================================================================================
DAG File Processing Stats

File Path                            PID    Runtime      # DAGs    # Errors  Last Runtime    Last Run
-----------------------------------  -----  ---------  --------  ----------  --------------  -------------------
/opt/airflow/dags/covid_pipeline.py                           1           0  0.53s           2025-03-31T01:33:00
================================================================================
[2025-03-31T01:33:24.682+0000] {manager.py:758} INFO - Searching for files in /opt/airflow/dags
[2025-03-31T01:33:24.692+0000] {manager.py:761} INFO - There are 1 files in /opt/airflow/dags
[2025-03-31T01:33:40.718+0000] {manager.py:889} INFO - 
================================================================================
DAG File Processing Stats

File Path                            PID    Runtime      # DAGs    # Errors  Last Runtime    Last Run
-----------------------------------  -----  ---------  --------  ----------  --------------  -------------------
/opt/airflow/dags/covid_pipeline.py                           1           0  0.42s           2025-03-31T01:33:30
================================================================================
[2025-03-31T01:34:11.246+0000] {manager.py:889} INFO - 
================================================================================
DAG File Processing Stats

File Path                            PID    Runtime      # DAGs    # Errors  Last Runtime    Last Run
-----------------------------------  -----  ---------  --------  ----------  --------------  -------------------
/opt/airflow/dags/covid_pipeline.py                           1           0  0.43s           2025-03-31T01:34:01
================================================================================
[2025-03-31T01:34:41.877+0000] {manager.py:889} INFO - 
================================================================================
DAG File Processing Stats

File Path                            PID    Runtime      # DAGs    # Errors  Last Runtime    Last Run
-----------------------------------  -----  ---------  --------  ----------  --------------  -------------------
/opt/airflow/dags/covid_pipeline.py                           1           0  0.51s           2025-03-31T01:34:31
================================================================================
[2025-03-31T01:35:11.919+0000] {manager.py:889} INFO - 
================================================================================
DAG File Processing Stats

File Path                            PID    Runtime      # DAGs    # Errors  Last Runtime    Last Run
-----------------------------------  -----  ---------  --------  ----------  --------------  -------------------
/opt/airflow/dags/covid_pipeline.py                           1           0  0.41s           2025-03-31T01:35:02
================================================================================
[2025-03-31T01:35:42.254+0000] {manager.py:889} INFO - 
================================================================================
DAG File Processing Stats

File Path                            PID    Runtime      # DAGs    # Errors  Last Runtime    Last Run
-----------------------------------  -----  ---------  --------  ----------  --------------  -------------------
/opt/airflow/dags/covid_pipeline.py                           1           0  0.42s           2025-03-31T01:35:32
================================================================================
[2025-03-31T01:36:12.676+0000] {manager.py:889} INFO - 
================================================================================
DAG File Processing Stats

File Path                            PID    Runtime      # DAGs    # Errors  Last Runtime    Last Run
-----------------------------------  -----  ---------  --------  ----------  --------------  -------------------
/opt/airflow/dags/covid_pipeline.py                           1           0  0.44s           2025-03-31T01:36:03
================================================================================
[2025-03-31T01:36:43.159+0000] {manager.py:889} INFO - 
================================================================================
DAG File Processing Stats

File Path                            PID    Runtime      # DAGs    # Errors  Last Runtime    Last Run
-----------------------------------  -----  ---------  --------  ----------  --------------  -------------------
/opt/airflow/dags/covid_pipeline.py                           1           0  0.43s           2025-03-31T01:36:33
================================================================================
[2025-03-31T01:37:13.728+0000] {manager.py:889} INFO - 
================================================================================
DAG File Processing Stats

File Path                            PID    Runtime      # DAGs    # Errors  Last Runtime    Last Run
-----------------------------------  -----  ---------  --------  ----------  --------------  -------------------
/opt/airflow/dags/covid_pipeline.py                           1           0  0.44s           2025-03-31T01:37:04
================================================================================
[2025-03-31T01:37:44.740+0000] {manager.py:889} INFO - 
================================================================================
DAG File Processing Stats

File Path                            PID    Runtime      # DAGs    # Errors  Last Runtime    Last Run
-----------------------------------  -----  ---------  --------  ----------  --------------  -------------------
/opt/airflow/dags/covid_pipeline.py                           1           0  0.43s           2025-03-31T01:37:35
================================================================================
[2025-03-31T01:38:14.931+0000] {manager.py:889} INFO - 
================================================================================
DAG File Processing Stats

File Path                            PID    Runtime      # DAGs    # Errors  Last Runtime    Last Run
-----------------------------------  -----  ---------  --------  ----------  --------------  -------------------
/opt/airflow/dags/covid_pipeline.py                           1           0  0.43s           2025-03-31T01:38:06
================================================================================
[2025-03-31T01:38:24.741+0000] {manager.py:758} INFO - Searching for files in /opt/airflow/dags
[2025-03-31T01:38:24.752+0000] {manager.py:761} INFO - There are 1 files in /opt/airflow/dags
[2025-03-31T01:38:45.266+0000] {manager.py:889} INFO - 
================================================================================
DAG File Processing Stats

File Path                            PID    Runtime      # DAGs    # Errors  Last Runtime    Last Run
-----------------------------------  -----  ---------  --------  ----------  --------------  -------------------
/opt/airflow/dags/covid_pipeline.py                           1           0  0.42s           2025-03-31T01:38:37
================================================================================
[2025-03-31T01:39:15.586+0000] {manager.py:889} INFO - 
================================================================================
DAG File Processing Stats

File Path                            PID    Runtime      # DAGs    # Errors  Last Runtime    Last Run
-----------------------------------  -----  ---------  --------  ----------  --------------  -------------------
/opt/airflow/dags/covid_pipeline.py                           1           0  0.44s           2025-03-31T01:39:08
================================================================================
[2025-03-31T01:39:46.003+0000] {manager.py:889} INFO - 
================================================================================
DAG File Processing Stats

File Path                            PID    Runtime      # DAGs    # Errors  Last Runtime    Last Run
-----------------------------------  -----  ---------  --------  ----------  --------------  -------------------
/opt/airflow/dags/covid_pipeline.py                           1           0  0.43s           2025-03-31T01:39:38
================================================================================
[2025-03-31T01:40:18.061+0000] {manager.py:889} INFO - 
================================================================================
DAG File Processing Stats

File Path                            PID    Runtime      # DAGs    # Errors  Last Runtime    Last Run
-----------------------------------  -----  ---------  --------  ----------  --------------  -------------------
/opt/airflow/dags/covid_pipeline.py                           1           0  0.73s           2025-03-31T01:40:09
================================================================================
[2025-03-31T01:40:48.307+0000] {manager.py:889} INFO - 
================================================================================
DAG File Processing Stats

File Path                            PID    Runtime      # DAGs    # Errors  Last Runtime    Last Run
-----------------------------------  -----  ---------  --------  ----------  --------------  -------------------
/opt/airflow/dags/covid_pipeline.py                           1           0  0.42s           2025-03-31T01:40:40
================================================================================
[2025-03-31T01:41:18.653+0000] {manager.py:889} INFO - 
================================================================================
DAG File Processing Stats

File Path                            PID    Runtime      # DAGs    # Errors  Last Runtime    Last Run
-----------------------------------  -----  ---------  --------  ----------  --------------  -------------------
/opt/airflow/dags/covid_pipeline.py                           1           0  0.53s           2025-03-31T01:41:12
================================================================================
[2025-03-31T01:41:48.967+0000] {manager.py:889} INFO - 
================================================================================
DAG File Processing Stats

File Path                            PID    Runtime      # DAGs    # Errors  Last Runtime    Last Run
-----------------------------------  -----  ---------  --------  ----------  --------------  -------------------
/opt/airflow/dags/covid_pipeline.py                           1           0  0.44s           2025-03-31T01:41:42
================================================================================
[2025-03-31T01:42:19.266+0000] {manager.py:889} INFO - 
================================================================================
DAG File Processing Stats

File Path                            PID    Runtime      # DAGs    # Errors  Last Runtime    Last Run
-----------------------------------  -----  ---------  --------  ----------  --------------  -------------------
/opt/airflow/dags/covid_pipeline.py                           1           0  0.33s           2025-03-31T01:42:13
================================================================================
[2025-03-31T01:42:49.514+0000] {manager.py:889} INFO - 
================================================================================
DAG File Processing Stats

File Path                            PID    Runtime      # DAGs    # Errors  Last Runtime    Last Run
-----------------------------------  -----  ---------  --------  ----------  --------------  -------------------
/opt/airflow/dags/covid_pipeline.py                           1           0  0.33s           2025-03-31T01:42:43
================================================================================
[2025-03-31T01:43:19.874+0000] {manager.py:889} INFO - 
================================================================================
DAG File Processing Stats

File Path                            PID    Runtime      # DAGs    # Errors  Last Runtime    Last Run
-----------------------------------  -----  ---------  --------  ----------  --------------  -------------------
/opt/airflow/dags/covid_pipeline.py                           1           0  0.33s           2025-03-31T01:43:14
================================================================================
[2025-03-31T01:43:24.818+0000] {manager.py:758} INFO - Searching for files in /opt/airflow/dags
[2025-03-31T01:43:24.832+0000] {manager.py:761} INFO - There are 1 files in /opt/airflow/dags
[2025-03-31T01:43:50.185+0000] {manager.py:889} INFO - 
================================================================================
DAG File Processing Stats

File Path                            PID    Runtime      # DAGs    # Errors  Last Runtime    Last Run
-----------------------------------  -----  ---------  --------  ----------  --------------  -------------------
/opt/airflow/dags/covid_pipeline.py                           1           0  0.32s           2025-03-31T01:43:44
================================================================================
[2025-03-31T01:44:20.491+0000] {manager.py:889} INFO - 
================================================================================
DAG File Processing Stats

File Path                            PID    Runtime      # DAGs    # Errors  Last Runtime    Last Run
-----------------------------------  -----  ---------  --------  ----------  --------------  -------------------
/opt/airflow/dags/covid_pipeline.py                           1           0  0.32s           2025-03-31T01:44:14
================================================================================
[2025-03-31T01:44:50.793+0000] {manager.py:889} INFO - 
================================================================================
DAG File Processing Stats

File Path                            PID    Runtime      # DAGs    # Errors  Last Runtime    Last Run
-----------------------------------  -----  ---------  --------  ----------  --------------  -------------------
/opt/airflow/dags/covid_pipeline.py                           1           0  0.43s           2025-03-31T01:44:40
================================================================================
[2025-03-31T01:45:21.560+0000] {manager.py:889} INFO - 
================================================================================
DAG File Processing Stats

File Path                            PID    Runtime      # DAGs    # Errors  Last Runtime    Last Run
-----------------------------------  -----  ---------  --------  ----------  --------------  -------------------
/opt/airflow/dags/covid_pipeline.py                           1           0  0.21s           2025-03-31T01:45:15
================================================================================
[2025-03-31T01:45:52.042+0000] {manager.py:889} INFO - 
================================================================================
DAG File Processing Stats

File Path                            PID    Runtime      # DAGs    # Errors  Last Runtime    Last Run
-----------------------------------  -----  ---------  --------  ----------  --------------  -------------------
/opt/airflow/dags/covid_pipeline.py                           1           0  0.43s           2025-03-31T01:45:45
================================================================================
[2025-03-31T01:46:22.359+0000] {manager.py:889} INFO - 
================================================================================
DAG File Processing Stats

File Path                            PID    Runtime      # DAGs    # Errors  Last Runtime    Last Run
-----------------------------------  -----  ---------  --------  ----------  --------------  -------------------
/opt/airflow/dags/covid_pipeline.py                           1           0  0.42s           2025-03-31T01:46:16
================================================================================
[2025-03-31T01:46:52.618+0000] {manager.py:889} INFO - 
================================================================================
DAG File Processing Stats

File Path                            PID    Runtime      # DAGs    # Errors  Last Runtime    Last Run
-----------------------------------  -----  ---------  --------  ----------  --------------  -------------------
/opt/airflow/dags/covid_pipeline.py                           1           0  0.43s           2025-03-31T01:46:46
================================================================================
[2025-03-31T01:47:22.922+0000] {manager.py:889} INFO - 
================================================================================
DAG File Processing Stats

File Path                            PID    Runtime      # DAGs    # Errors  Last Runtime    Last Run
-----------------------------------  -----  ---------  --------  ----------  --------------  -------------------
/opt/airflow/dags/covid_pipeline.py                           1           0  0.44s           2025-03-31T01:47:17
================================================================================
[2025-03-31T01:47:53.233+0000] {manager.py:889} INFO - 
================================================================================
DAG File Processing Stats

File Path                            PID    Runtime      # DAGs    # Errors  Last Runtime    Last Run
-----------------------------------  -----  ---------  --------  ----------  --------------  -------------------
/opt/airflow/dags/covid_pipeline.py                           1           0  0.43s           2025-03-31T01:47:47
================================================================================
[2025-03-31T01:48:23.574+0000] {manager.py:889} INFO - 
================================================================================
DAG File Processing Stats

File Path                            PID    Runtime      # DAGs    # Errors  Last Runtime    Last Run
-----------------------------------  -----  ---------  --------  ----------  --------------  -------------------
/opt/airflow/dags/covid_pipeline.py                           1           0  0.43s           2025-03-31T01:48:18
================================================================================
[2025-03-31T01:48:24.893+0000] {manager.py:758} INFO - Searching for files in /opt/airflow/dags
[2025-03-31T01:48:24.904+0000] {manager.py:761} INFO - There are 1 files in /opt/airflow/dags
[2025-03-31T01:48:54.331+0000] {manager.py:889} INFO - 
================================================================================
DAG File Processing Stats

File Path                            PID    Runtime      # DAGs    # Errors  Last Runtime    Last Run
-----------------------------------  -----  ---------  --------  ----------  --------------  -------------------
/opt/airflow/dags/covid_pipeline.py                           1           0  0.32s           2025-03-31T01:48:46
================================================================================
[2025-03-31T01:49:25.185+0000] {manager.py:889} INFO - 
================================================================================
DAG File Processing Stats

File Path                            PID    Runtime      # DAGs    # Errors  Last Runtime    Last Run
-----------------------------------  -----  ---------  --------  ----------  --------------  -------------------
/opt/airflow/dags/covid_pipeline.py                           1           0  0.54s           2025-03-31T01:49:16
================================================================================
[2025-03-31T01:49:55.635+0000] {manager.py:889} INFO - 
================================================================================
DAG File Processing Stats

File Path                            PID    Runtime      # DAGs    # Errors  Last Runtime    Last Run
-----------------------------------  -----  ---------  --------  ----------  --------------  -------------------
/opt/airflow/dags/covid_pipeline.py                           1           0  0.44s           2025-03-31T01:49:48
================================================================================
[2025-03-31T01:50:25.744+0000] {manager.py:889} INFO - 
================================================================================
DAG File Processing Stats

File Path                            PID    Runtime      # DAGs    # Errors  Last Runtime    Last Run
-----------------------------------  -----  ---------  --------  ----------  --------------  -------------------
/opt/airflow/dags/covid_pipeline.py                           1           0  0.32s           2025-03-31T01:50:19
================================================================================
[2025-03-31T01:50:56.695+0000] {manager.py:889} INFO - 
================================================================================
DAG File Processing Stats

File Path                            PID    Runtime      # DAGs    # Errors  Last Runtime    Last Run
-----------------------------------  -----  ---------  --------  ----------  --------------  -------------------
/opt/airflow/dags/covid_pipeline.py                           1           0  0.31s           2025-03-31T01:50:49
================================================================================
[2025-03-31T01:51:26.836+0000] {manager.py:889} INFO - 
================================================================================
DAG File Processing Stats

File Path                            PID    Runtime      # DAGs    # Errors  Last Runtime    Last Run
-----------------------------------  -----  ---------  --------  ----------  --------------  -------------------
/opt/airflow/dags/covid_pipeline.py                           1           0  0.32s           2025-03-31T01:51:19
================================================================================
[2025-03-31T01:51:57.639+0000] {manager.py:889} INFO - 
================================================================================
DAG File Processing Stats

File Path                            PID    Runtime      # DAGs    # Errors  Last Runtime    Last Run
-----------------------------------  -----  ---------  --------  ----------  --------------  -------------------
/opt/airflow/dags/covid_pipeline.py                           1           0  0.43s           2025-03-31T01:51:50
================================================================================
[2025-03-31T01:52:28.069+0000] {manager.py:889} INFO - 
================================================================================
DAG File Processing Stats

File Path                            PID    Runtime      # DAGs    # Errors  Last Runtime    Last Run
-----------------------------------  -----  ---------  --------  ----------  --------------  -------------------
/opt/airflow/dags/covid_pipeline.py                           1           0  0.32s           2025-03-31T01:52:20
================================================================================
[2025-03-31T01:53:30.411+0000] {manager.py:758} INFO - Searching for files in /opt/airflow/dags
[2025-03-31T01:53:30.418+0000] {manager.py:761} INFO - There are 1 files in /opt/airflow/dags
[2025-03-31T01:53:51.609+0000] {manager.py:889} INFO - 
================================================================================
DAG File Processing Stats

File Path                            PID    Runtime      # DAGs    # Errors  Last Runtime    Last Run
-----------------------------------  -----  ---------  --------  ----------  --------------  -------------------
/opt/airflow/dags/covid_pipeline.py                           1           0  0.52s           2025-03-31T01:53:30
================================================================================
[2025-03-31T01:54:21.929+0000] {manager.py:889} INFO - 
================================================================================
DAG File Processing Stats

File Path                            PID    Runtime      # DAGs    # Errors  Last Runtime    Last Run
-----------------------------------  -----  ---------  --------  ----------  --------------  -------------------
/opt/airflow/dags/covid_pipeline.py                           1           0  0.42s           2025-03-31T01:54:02
================================================================================
[2025-03-31T01:54:52.245+0000] {manager.py:889} INFO - 
================================================================================
DAG File Processing Stats

File Path                            PID    Runtime      # DAGs    # Errors  Last Runtime    Last Run
-----------------------------------  -----  ---------  --------  ----------  --------------  -------------------
/opt/airflow/dags/covid_pipeline.py                           1           0  0.33s           2025-03-31T01:54:33
================================================================================
[2025-03-31T01:55:22.531+0000] {manager.py:889} INFO - 
================================================================================
DAG File Processing Stats

File Path                            PID    Runtime      # DAGs    # Errors  Last Runtime    Last Run
-----------------------------------  -----  ---------  --------  ----------  --------------  -------------------
/opt/airflow/dags/covid_pipeline.py                           1           0  0.32s           2025-03-31T01:55:04
================================================================================
[2025-03-31T01:55:53.288+0000] {manager.py:889} INFO - 
================================================================================
DAG File Processing Stats

File Path                            PID    Runtime      # DAGs    # Errors  Last Runtime    Last Run
-----------------------------------  -----  ---------  --------  ----------  --------------  -------------------
/opt/airflow/dags/covid_pipeline.py                           1           0  0.42s           2025-03-31T01:55:36
================================================================================
[2025-03-31T01:56:23.899+0000] {manager.py:889} INFO - 
================================================================================
DAG File Processing Stats

File Path                            PID    Runtime      # DAGs    # Errors  Last Runtime    Last Run
-----------------------------------  -----  ---------  --------  ----------  --------------  -------------------
/opt/airflow/dags/covid_pipeline.py                           1           0  0.32s           2025-03-31T01:56:06
================================================================================
[2025-03-31T01:56:54.399+0000] {manager.py:889} INFO - 
================================================================================
DAG File Processing Stats

File Path                            PID    Runtime      # DAGs    # Errors  Last Runtime    Last Run
-----------------------------------  -----  ---------  --------  ----------  --------------  -------------------
/opt/airflow/dags/covid_pipeline.py                           1           0  0.32s           2025-03-31T01:56:37
================================================================================
[2025-03-31T01:57:24.867+0000] {manager.py:889} INFO - 
================================================================================
DAG File Processing Stats

File Path                            PID    Runtime      # DAGs    # Errors  Last Runtime    Last Run
-----------------------------------  -----  ---------  --------  ----------  --------------  -------------------
/opt/airflow/dags/covid_pipeline.py                           1           0  0.32s           2025-03-31T01:57:07
================================================================================
[2025-03-31T01:57:55.326+0000] {manager.py:889} INFO - 
================================================================================
DAG File Processing Stats

File Path                            PID    Runtime      # DAGs    # Errors  Last Runtime    Last Run
-----------------------------------  -----  ---------  --------  ----------  --------------  -------------------
/opt/airflow/dags/covid_pipeline.py                           1           0  0.31s           2025-03-31T01:57:38
================================================================================
[2025-03-31T01:58:25.738+0000] {manager.py:889} INFO - 
================================================================================
DAG File Processing Stats

File Path                            PID    Runtime      # DAGs    # Errors  Last Runtime    Last Run
-----------------------------------  -----  ---------  --------  ----------  --------------  -------------------
/opt/airflow/dags/covid_pipeline.py                           1           0  0.32s           2025-03-31T01:58:08
================================================================================
[2025-03-31T01:58:31.140+0000] {manager.py:758} INFO - Searching for files in /opt/airflow/dags
[2025-03-31T01:58:31.147+0000] {manager.py:761} INFO - There are 1 files in /opt/airflow/dags
[2025-03-31T01:58:56.184+0000] {manager.py:889} INFO - 
================================================================================
DAG File Processing Stats

File Path                            PID    Runtime      # DAGs    # Errors  Last Runtime    Last Run
-----------------------------------  -----  ---------  --------  ----------  --------------  -------------------
/opt/airflow/dags/covid_pipeline.py                           1           0  0.32s           2025-03-31T01:58:38
================================================================================
[2025-03-31T01:59:26.799+0000] {manager.py:889} INFO - 
================================================================================
DAG File Processing Stats

File Path                            PID    Runtime      # DAGs    # Errors  Last Runtime    Last Run
-----------------------------------  -----  ---------  --------  ----------  --------------  -------------------
/opt/airflow/dags/covid_pipeline.py                           1           0  0.44s           2025-03-31T01:59:09
================================================================================
[2025-03-31T01:59:57.133+0000] {manager.py:889} INFO - 
================================================================================
DAG File Processing Stats

File Path                            PID    Runtime      # DAGs    # Errors  Last Runtime    Last Run
-----------------------------------  -----  ---------  --------  ----------  --------------  -------------------
/opt/airflow/dags/covid_pipeline.py                           1           0  0.44s           2025-03-31T01:59:38
================================================================================
[2025-03-31T02:00:27.459+0000] {manager.py:889} INFO - 
================================================================================
DAG File Processing Stats

File Path                            PID    Runtime      # DAGs    # Errors  Last Runtime    Last Run
-----------------------------------  -----  ---------  --------  ----------  --------------  -------------------
/opt/airflow/dags/covid_pipeline.py                           1           0  0.42s           2025-03-31T02:00:07
================================================================================
[2025-03-31T02:00:57.790+0000] {manager.py:889} INFO - 
================================================================================
DAG File Processing Stats

File Path                            PID    Runtime      # DAGs    # Errors  Last Runtime    Last Run
-----------------------------------  -----  ---------  --------  ----------  --------------  -------------------
/opt/airflow/dags/covid_pipeline.py                           1           0  0.42s           2025-03-31T02:00:39
================================================================================
[2025-03-31T02:01:28.098+0000] {manager.py:889} INFO - 
================================================================================
DAG File Processing Stats

File Path                            PID    Runtime      # DAGs    # Errors  Last Runtime    Last Run
-----------------------------------  -----  ---------  --------  ----------  --------------  -------------------
/opt/airflow/dags/covid_pipeline.py                           1           0  0.43s           2025-03-31T02:01:10
================================================================================
[2025-03-31T02:01:58.415+0000] {manager.py:889} INFO - 
================================================================================
DAG File Processing Stats

File Path                            PID    Runtime      # DAGs    # Errors  Last Runtime    Last Run
-----------------------------------  -----  ---------  --------  ----------  --------------  -------------------
/opt/airflow/dags/covid_pipeline.py                           1           0  0.42s           2025-03-31T02:01:41
================================================================================
[2025-03-31T02:02:28.703+0000] {manager.py:889} INFO - 
================================================================================
DAG File Processing Stats

File Path                            PID    Runtime      # DAGs    # Errors  Last Runtime    Last Run
-----------------------------------  -----  ---------  --------  ----------  --------------  -------------------
/opt/airflow/dags/covid_pipeline.py                           1           0  0.32s           2025-03-31T02:02:11
================================================================================
[2025-03-31T02:02:59.259+0000] {manager.py:889} INFO - 
================================================================================
DAG File Processing Stats

File Path                            PID    Runtime      # DAGs    # Errors  Last Runtime    Last Run
-----------------------------------  -----  ---------  --------  ----------  --------------  -------------------
/opt/airflow/dags/covid_pipeline.py                           1           0  0.43s           2025-03-31T02:02:42
================================================================================
[2025-03-31T02:03:29.779+0000] {manager.py:889} INFO - 
================================================================================
DAG File Processing Stats

File Path                            PID    Runtime      # DAGs    # Errors  Last Runtime    Last Run
-----------------------------------  -----  ---------  --------  ----------  --------------  -------------------
/opt/airflow/dags/covid_pipeline.py                           1           0  0.33s           2025-03-31T02:03:12
================================================================================
[2025-03-31T02:03:32.041+0000] {manager.py:758} INFO - Searching for files in /opt/airflow/dags
[2025-03-31T02:03:32.062+0000] {manager.py:761} INFO - There are 1 files in /opt/airflow/dags
[2025-03-31T02:04:00.337+0000] {manager.py:889} INFO - 
================================================================================
DAG File Processing Stats

File Path                            PID    Runtime      # DAGs    # Errors  Last Runtime    Last Run
-----------------------------------  -----  ---------  --------  ----------  --------------  -------------------
/opt/airflow/dags/covid_pipeline.py                           1           0  0.42s           2025-03-31T02:03:43
================================================================================
[2025-03-31T02:04:30.573+0000] {manager.py:889} INFO - 
================================================================================
DAG File Processing Stats

File Path                            PID    Runtime      # DAGs    # Errors  Last Runtime    Last Run
-----------------------------------  -----  ---------  --------  ----------  --------------  -------------------
/opt/airflow/dags/covid_pipeline.py                           1           0  0.31s           2025-03-31T02:04:25
================================================================================
[2025-03-31T02:05:01.062+0000] {manager.py:889} INFO - 
================================================================================
DAG File Processing Stats

File Path                            PID    Runtime      # DAGs    # Errors  Last Runtime    Last Run
-----------------------------------  -----  ---------  --------  ----------  --------------  -------------------
/opt/airflow/dags/covid_pipeline.py                           1           0  0.43s           2025-03-31T02:04:36
================================================================================
[2025-03-31T02:05:31.336+0000] {manager.py:889} INFO - 
================================================================================
DAG File Processing Stats

File Path                            PID    Runtime      # DAGs    # Errors  Last Runtime    Last Run
-----------------------------------  -----  ---------  --------  ----------  --------------  -------------------
/opt/airflow/dags/covid_pipeline.py                           1           0  0.43s           2025-03-31T02:05:06
================================================================================
[2025-03-31T02:06:01.698+0000] {manager.py:889} INFO - 
================================================================================
DAG File Processing Stats

File Path                            PID    Runtime      # DAGs    # Errors  Last Runtime    Last Run
-----------------------------------  -----  ---------  --------  ----------  --------------  -------------------
/opt/airflow/dags/covid_pipeline.py                           1           0  0.31s           2025-03-31T02:05:51
================================================================================
[2025-03-31T02:06:32.204+0000] {manager.py:889} INFO - 
================================================================================
DAG File Processing Stats

File Path                            PID    Runtime      # DAGs    # Errors  Last Runtime    Last Run
-----------------------------------  -----  ---------  --------  ----------  --------------  -------------------
/opt/airflow/dags/covid_pipeline.py                           1           0  0.43s           2025-03-31T02:06:22
================================================================================
[2025-03-31T02:07:02.975+0000] {manager.py:889} INFO - 
================================================================================
DAG File Processing Stats

File Path                            PID    Runtime      # DAGs    # Errors  Last Runtime    Last Run
-----------------------------------  -----  ---------  --------  ----------  --------------  -------------------
/opt/airflow/dags/covid_pipeline.py                           1           0  0.43s           2025-03-31T02:06:53
================================================================================
[2025-03-31T02:07:33.986+0000] {manager.py:889} INFO - 
================================================================================
DAG File Processing Stats

File Path                            PID    Runtime      # DAGs    # Errors  Last Runtime    Last Run
-----------------------------------  -----  ---------  --------  ----------  --------------  -------------------
/opt/airflow/dags/covid_pipeline.py                           1           0  0.54s           2025-03-31T02:07:24
================================================================================
[2025-03-31T02:08:04.676+0000] {manager.py:889} INFO - 
================================================================================
DAG File Processing Stats

File Path                            PID    Runtime      # DAGs    # Errors  Last Runtime    Last Run
-----------------------------------  -----  ---------  --------  ----------  --------------  -------------------
/opt/airflow/dags/covid_pipeline.py                           1           0  0.43s           2025-03-31T02:07:55
================================================================================
[2025-03-31T02:08:33.068+0000] {manager.py:758} INFO - Searching for files in /opt/airflow/dags
[2025-03-31T02:08:33.077+0000] {manager.py:761} INFO - There are 1 files in /opt/airflow/dags
[2025-03-31T02:08:35.170+0000] {manager.py:889} INFO - 
================================================================================
DAG File Processing Stats

File Path                            PID    Runtime      # DAGs    # Errors  Last Runtime    Last Run
-----------------------------------  -----  ---------  --------  ----------  --------------  -------------------
/opt/airflow/dags/covid_pipeline.py                           1           0  0.32s           2025-03-31T02:08:25
================================================================================
[2025-03-31T02:09:05.669+0000] {manager.py:889} INFO - 
================================================================================
DAG File Processing Stats

File Path                            PID    Runtime      # DAGs    # Errors  Last Runtime    Last Run
-----------------------------------  -----  ---------  --------  ----------  --------------  -------------------
/opt/airflow/dags/covid_pipeline.py                           1           0  0.31s           2025-03-31T02:08:41
================================================================================
[2025-03-31T02:09:35.706+0000] {manager.py:889} INFO - 
================================================================================
DAG File Processing Stats

File Path                            PID    Runtime      # DAGs    # Errors  Last Runtime    Last Run
-----------------------------------  -----  ---------  --------  ----------  --------------  -------------------
/opt/airflow/dags/covid_pipeline.py                           1           0  0.31s           2025-03-31T02:09:14
================================================================================
[2025-03-31T02:10:05.956+0000] {manager.py:889} INFO - 
================================================================================
DAG File Processing Stats

File Path                            PID    Runtime      # DAGs    # Errors  Last Runtime    Last Run
-----------------------------------  -----  ---------  --------  ----------  --------------  -------------------
/opt/airflow/dags/covid_pipeline.py                           1           0  0.56s           2025-03-31T02:09:45
================================================================================
[2025-03-31T02:10:36.242+0000] {manager.py:889} INFO - 
================================================================================
DAG File Processing Stats

File Path                            PID    Runtime      # DAGs    # Errors  Last Runtime    Last Run
-----------------------------------  -----  ---------  --------  ----------  --------------  -------------------
/opt/airflow/dags/covid_pipeline.py                           1           0  0.95s           2025-03-31T02:10:17
================================================================================
[2025-03-31T02:11:06.566+0000] {manager.py:889} INFO - 
================================================================================
DAG File Processing Stats

File Path                            PID    Runtime      # DAGs    # Errors  Last Runtime    Last Run
-----------------------------------  -----  ---------  --------  ----------  --------------  -------------------
/opt/airflow/dags/covid_pipeline.py                           1           0  0.42s           2025-03-31T02:10:47
================================================================================
[2025-03-31T02:11:36.908+0000] {manager.py:889} INFO - 
================================================================================
DAG File Processing Stats

File Path                            PID    Runtime      # DAGs    # Errors  Last Runtime    Last Run
-----------------------------------  -----  ---------  --------  ----------  --------------  -------------------
/opt/airflow/dags/covid_pipeline.py                           1           0  1.05s           2025-03-31T02:11:18
================================================================================
[2025-03-31T02:12:07.216+0000] {manager.py:889} INFO - 
================================================================================
DAG File Processing Stats

File Path                            PID    Runtime      # DAGs    # Errors  Last Runtime    Last Run
-----------------------------------  -----  ---------  --------  ----------  --------------  -------------------
/opt/airflow/dags/covid_pipeline.py                           1           0  0.32s           2025-03-31T02:11:49
================================================================================
[2025-03-31T02:12:37.547+0000] {manager.py:889} INFO - 
================================================================================
DAG File Processing Stats

File Path                            PID    Runtime      # DAGs    # Errors  Last Runtime    Last Run
-----------------------------------  -----  ---------  --------  ----------  --------------  -------------------
/opt/airflow/dags/covid_pipeline.py                           1           0  0.32s           2025-03-31T02:12:19
================================================================================
[2025-03-31T02:13:07.888+0000] {manager.py:889} INFO - 
================================================================================
DAG File Processing Stats

File Path                            PID    Runtime      # DAGs    # Errors  Last Runtime    Last Run
-----------------------------------  -----  ---------  --------  ----------  --------------  -------------------
/opt/airflow/dags/covid_pipeline.py                           1           0  0.31s           2025-03-31T02:12:50
================================================================================
[2025-03-31T02:13:33.121+0000] {manager.py:758} INFO - Searching for files in /opt/airflow/dags
[2025-03-31T02:13:33.130+0000] {manager.py:761} INFO - There are 1 files in /opt/airflow/dags
[2025-03-31T02:13:38.172+0000] {manager.py:889} INFO - 
================================================================================
DAG File Processing Stats

File Path                            PID    Runtime      # DAGs    # Errors  Last Runtime    Last Run
-----------------------------------  -----  ---------  --------  ----------  --------------  -------------------
/opt/airflow/dags/covid_pipeline.py                           1           0  0.42s           2025-03-31T02:13:20
================================================================================
[2025-03-31T02:14:08.480+0000] {manager.py:889} INFO - 
================================================================================
DAG File Processing Stats

File Path                            PID    Runtime      # DAGs    # Errors  Last Runtime    Last Run
-----------------------------------  -----  ---------  --------  ----------  --------------  -------------------
/opt/airflow/dags/covid_pipeline.py                           1           0  0.43s           2025-03-31T02:13:51
================================================================================
[2025-03-31T02:14:38.659+0000] {manager.py:889} INFO - 
================================================================================
DAG File Processing Stats

File Path                            PID    Runtime      # DAGs    # Errors  Last Runtime    Last Run
-----------------------------------  -----  ---------  --------  ----------  --------------  -------------------
/opt/airflow/dags/covid_pipeline.py                           1           0  0.32s           2025-03-31T02:14:21
================================================================================
[2025-03-31T02:15:09.113+0000] {manager.py:889} INFO - 
================================================================================
DAG File Processing Stats

File Path                            PID    Runtime      # DAGs    # Errors  Last Runtime    Last Run
-----------------------------------  -----  ---------  --------  ----------  --------------  -------------------
/opt/airflow/dags/covid_pipeline.py                           1           0  0.32s           2025-03-31T02:14:51
================================================================================
[2025-03-31T02:15:39.612+0000] {manager.py:889} INFO - 
================================================================================
DAG File Processing Stats

File Path                            PID    Runtime      # DAGs    # Errors  Last Runtime    Last Run
-----------------------------------  -----  ---------  --------  ----------  --------------  -------------------
/opt/airflow/dags/covid_pipeline.py                           1           0  0.42s           2025-03-31T02:15:22
================================================================================
[2025-03-31T02:16:10.180+0000] {manager.py:889} INFO - 
================================================================================
DAG File Processing Stats

File Path                            PID    Runtime      # DAGs    # Errors  Last Runtime    Last Run
-----------------------------------  -----  ---------  --------  ----------  --------------  -------------------
/opt/airflow/dags/covid_pipeline.py                           1           0  0.43s           2025-03-31T02:15:52
================================================================================
[2025-03-31T02:16:40.715+0000] {manager.py:889} INFO - 
================================================================================
DAG File Processing Stats

File Path                            PID    Runtime      # DAGs    # Errors  Last Runtime    Last Run
-----------------------------------  -----  ---------  --------  ----------  --------------  -------------------
/opt/airflow/dags/covid_pipeline.py                           1           0  0.43s           2025-03-31T02:16:23
================================================================================
[2025-03-31T02:17:11.356+0000] {manager.py:889} INFO - 
================================================================================
DAG File Processing Stats

File Path                            PID    Runtime      # DAGs    # Errors  Last Runtime    Last Run
-----------------------------------  -----  ---------  --------  ----------  --------------  -------------------
/opt/airflow/dags/covid_pipeline.py                           1           0  0.52s           2025-03-31T02:16:54
================================================================================
[2025-03-31T02:17:41.876+0000] {manager.py:889} INFO - 
================================================================================
DAG File Processing Stats

File Path                            PID    Runtime      # DAGs    # Errors  Last Runtime    Last Run
-----------------------------------  -----  ---------  --------  ----------  --------------  -------------------
/opt/airflow/dags/covid_pipeline.py                           1           0  0.42s           2025-03-31T02:17:24
================================================================================
[2025-03-31T02:18:12.323+0000] {manager.py:889} INFO - 
================================================================================
DAG File Processing Stats

File Path                            PID    Runtime      # DAGs    # Errors  Last Runtime    Last Run
-----------------------------------  -----  ---------  --------  ----------  --------------  -------------------
/opt/airflow/dags/covid_pipeline.py                           1           0  0.42s           2025-03-31T02:17:55
================================================================================
[2025-03-31T02:18:34.000+0000] {manager.py:758} INFO - Searching for files in /opt/airflow/dags
[2025-03-31T02:18:34.009+0000] {manager.py:761} INFO - There are 1 files in /opt/airflow/dags
[2025-03-31T02:18:43.003+0000] {manager.py:889} INFO - 
================================================================================
DAG File Processing Stats

File Path                            PID    Runtime      # DAGs    # Errors  Last Runtime    Last Run
-----------------------------------  -----  ---------  --------  ----------  --------------  -------------------
/opt/airflow/dags/covid_pipeline.py                           1           0  0.52s           2025-03-31T02:18:25
================================================================================
[2025-03-31T02:19:13.523+0000] {manager.py:889} INFO - 
================================================================================
DAG File Processing Stats

File Path                            PID    Runtime      # DAGs    # Errors  Last Runtime    Last Run
-----------------------------------  -----  ---------  --------  ----------  --------------  -------------------
/opt/airflow/dags/covid_pipeline.py                           1           0  0.43s           2025-03-31T02:18:56
================================================================================
[2025-03-31T02:19:44.088+0000] {manager.py:889} INFO - 
================================================================================
DAG File Processing Stats

File Path                            PID    Runtime      # DAGs    # Errors  Last Runtime    Last Run
-----------------------------------  -----  ---------  --------  ----------  --------------  -------------------
/opt/airflow/dags/covid_pipeline.py                           1           0  0.42s           2025-03-31T02:19:26
================================================================================
[2025-03-31T02:20:14.605+0000] {manager.py:889} INFO - 
================================================================================
DAG File Processing Stats

File Path                            PID    Runtime      # DAGs    # Errors  Last Runtime    Last Run
-----------------------------------  -----  ---------  --------  ----------  --------------  -------------------
/opt/airflow/dags/covid_pipeline.py                           1           0  0.43s           2025-03-31T02:19:57
================================================================================
[2025-03-31T02:20:45.061+0000] {manager.py:889} INFO - 
================================================================================
DAG File Processing Stats

File Path                            PID    Runtime      # DAGs    # Errors  Last Runtime    Last Run
-----------------------------------  -----  ---------  --------  ----------  --------------  -------------------
/opt/airflow/dags/covid_pipeline.py                           1           0  0.42s           2025-03-31T02:20:27
================================================================================
[2025-03-31T02:21:15.078+0000] {manager.py:889} INFO - 
================================================================================
DAG File Processing Stats

File Path                            PID    Runtime      # DAGs    # Errors  Last Runtime    Last Run
-----------------------------------  -----  ---------  --------  ----------  --------------  -------------------
/opt/airflow/dags/covid_pipeline.py                           1           0  0.84s           2025-03-31T02:20:58
================================================================================
[2025-03-31T02:21:45.587+0000] {manager.py:889} INFO - 
================================================================================
DAG File Processing Stats

File Path                            PID    Runtime      # DAGs    # Errors  Last Runtime    Last Run
-----------------------------------  -----  ---------  --------  ----------  --------------  -------------------
/opt/airflow/dags/covid_pipeline.py                           1           0  0.52s           2025-03-31T02:21:29
================================================================================
[2025-03-31T02:22:16.158+0000] {manager.py:889} INFO - 
================================================================================
DAG File Processing Stats

File Path                            PID    Runtime      # DAGs    # Errors  Last Runtime    Last Run
-----------------------------------  -----  ---------  --------  ----------  --------------  -------------------
/opt/airflow/dags/covid_pipeline.py                           1           0  0.42s           2025-03-31T02:22:00
================================================================================
[2025-03-31T02:22:46.696+0000] {manager.py:889} INFO - 
================================================================================
DAG File Processing Stats

File Path                            PID    Runtime      # DAGs    # Errors  Last Runtime    Last Run
-----------------------------------  -----  ---------  --------  ----------  --------------  -------------------
/opt/airflow/dags/covid_pipeline.py                           1           0  0.42s           2025-03-31T02:22:30
================================================================================
[2025-03-31T02:23:17.226+0000] {manager.py:889} INFO - 
================================================================================
DAG File Processing Stats

File Path                            PID    Runtime      # DAGs    # Errors  Last Runtime    Last Run
-----------------------------------  -----  ---------  --------  ----------  --------------  -------------------
/opt/airflow/dags/covid_pipeline.py                           1           0  0.43s           2025-03-31T02:23:01
================================================================================
[2025-03-31T02:23:34.721+0000] {manager.py:758} INFO - Searching for files in /opt/airflow/dags
[2025-03-31T02:23:34.728+0000] {manager.py:761} INFO - There are 1 files in /opt/airflow/dags
[2025-03-31T02:23:47.783+0000] {manager.py:889} INFO - 
================================================================================
DAG File Processing Stats

File Path                            PID    Runtime      # DAGs    # Errors  Last Runtime    Last Run
-----------------------------------  -----  ---------  --------  ----------  --------------  -------------------
/opt/airflow/dags/covid_pipeline.py                           1           0  0.43s           2025-03-31T02:23:31
================================================================================
[2025-03-31T02:24:18.344+0000] {manager.py:889} INFO - 
================================================================================
DAG File Processing Stats

File Path                            PID    Runtime      # DAGs    # Errors  Last Runtime    Last Run
-----------------------------------  -----  ---------  --------  ----------  --------------  -------------------
/opt/airflow/dags/covid_pipeline.py                           1           0  0.43s           2025-03-31T02:24:02
================================================================================
[2025-03-31T02:24:48.883+0000] {manager.py:889} INFO - 
================================================================================
DAG File Processing Stats

File Path                            PID    Runtime      # DAGs    # Errors  Last Runtime    Last Run
-----------------------------------  -----  ---------  --------  ----------  --------------  -------------------
/opt/airflow/dags/covid_pipeline.py                           1           0  0.42s           2025-03-31T02:24:32
================================================================================
[2025-03-31T02:25:19.408+0000] {manager.py:889} INFO - 
================================================================================
DAG File Processing Stats

File Path                            PID    Runtime      # DAGs    # Errors  Last Runtime    Last Run
-----------------------------------  -----  ---------  --------  ----------  --------------  -------------------
/opt/airflow/dags/covid_pipeline.py                           1           0  0.43s           2025-03-31T02:25:03
================================================================================
[2025-03-31T02:25:49.959+0000] {manager.py:889} INFO - 
================================================================================
DAG File Processing Stats

File Path                            PID    Runtime      # DAGs    # Errors  Last Runtime    Last Run
-----------------------------------  -----  ---------  --------  ----------  --------------  -------------------
/opt/airflow/dags/covid_pipeline.py                           1           0  0.44s           2025-03-31T02:25:33
================================================================================
[2025-03-31T02:26:20.450+0000] {manager.py:889} INFO - 
================================================================================
DAG File Processing Stats

File Path                            PID    Runtime      # DAGs    # Errors  Last Runtime    Last Run
-----------------------------------  -----  ---------  --------  ----------  --------------  -------------------
/opt/airflow/dags/covid_pipeline.py                           1           0  0.43s           2025-03-31T02:26:04
================================================================================
[2025-03-31T02:26:51.020+0000] {manager.py:889} INFO - 
================================================================================
DAG File Processing Stats

File Path                            PID    Runtime      # DAGs    # Errors  Last Runtime    Last Run
-----------------------------------  -----  ---------  --------  ----------  --------------  -------------------
/opt/airflow/dags/covid_pipeline.py                           1           0  0.43s           2025-03-31T02:26:34
================================================================================
[2025-03-31T02:27:03.714+0000] {manager.py:487} INFO - Processing files using up to 1 processes at a time 
[2025-03-31T02:27:03.714+0000] {manager.py:488} INFO - Process each file at most once every 30 seconds
[2025-03-31T02:27:03.714+0000] {manager.py:490} INFO - Checking for new files in /opt/airflow/dags every 300 seconds
[2025-03-31T02:27:03.714+0000] {manager.py:758} INFO - Searching for files in /opt/airflow/dags
[2025-03-31T02:27:03.716+0000] {manager.py:761} INFO - There are 1 files in /opt/airflow/dags
[2025-03-31T02:27:04.162+0000] {manager.py:889} INFO - 
================================================================================
DAG File Processing Stats

File Path                            PID    Runtime      # DAGs    # Errors  Last Runtime    Last Run
-----------------------------------  -----  ---------  --------  ----------  --------------  -------------------
/opt/airflow/dags/covid_pipeline.py                           1           0  0.41s           2025-03-31T02:27:04
================================================================================
[2025-03-31T02:27:35.480+0000] {manager.py:889} INFO - 
================================================================================
DAG File Processing Stats

File Path                            PID    Runtime      # DAGs    # Errors  Last Runtime    Last Run
-----------------------------------  -----  ---------  --------  ----------  --------------  -------------------
/opt/airflow/dags/covid_pipeline.py                           1           0  0.53s           2025-03-31T02:27:35
================================================================================
